C:\USERS\KIM\DOCUMENTS\VISUAL STUDIO 2010\PROJECTS\TH_CRAWL\DEBUG\TH_CRAWL.EXE
C:\USERS\KIM\DOCUMENTS\VISUAL STUDIO 2010\PROJECTS\TH_CRAWL\DEBUG\TH_CRAWL.EXE.MANIFEST
C:\Users\kim\documents\visual studio 2010\Projects\th_crawl\Debug\th_crawl.exp
C:\USERS\KIM\DOCUMENTS\VISUAL STUDIO 2010\PROJECTS\TH_CRAWL\DEBUG\TH_CRAWL.ILK
C:\Users\kim\documents\visual studio 2010\Projects\th_crawl\Debug\th_crawl.lib
C:\USERS\KIM\DOCUMENTS\VISUAL STUDIO 2010\PROJECTS\TH_CRAWL\DEBUG\TH_CRAWL.PDB
C:\USERS\KIM\DOCUMENTS\VISUAL STUDIO 2010\PROJECTS\TH_CRAWL\TH_CRAWL\DEBUG\ACTION.OBJ
C:\USERS\KIM\DOCUMENTS\VISUAL STUDIO 2010\PROJECTS\TH_CRAWL\TH_CRAWL\DEBUG\ASTAR.OBJ
C:\USERS\KIM\DOCUMENTS\VISUAL STUDIO 2010\PROJECTS\TH_CRAWL\TH_CRAWL\DEBUG\ATIFACT.OBJ
C:\USERS\KIM\DOCUMENTS\VISUAL STUDIO 2010\PROJECTS\TH_CRAWL\TH_CRAWL\DEBUG\BEAM.OBJ
C:\USERS\KIM\DOCUMENTS\VISUAL STUDIO 2010\PROJECTS\TH_CRAWL\TH_CRAWL\DEBUG\BOOK.OBJ
C:\Users\kim\documents\visual studio 2010\Projects\th_crawl\th_crawl\Debug\cl.command.1.tlog
C:\Users\kim\documents\visual studio 2010\Projects\th_crawl\th_crawl\Debug\CL.read.1.tlog
C:\Users\kim\documents\visual studio 2010\Projects\th_crawl\th_crawl\Debug\CL.write.1.tlog
C:\USERS\KIM\DOCUMENTS\VISUAL STUDIO 2010\PROJECTS\TH_CRAWL\TH_CRAWL\DEBUG\COMMON.OBJ
C:\USERS\KIM\DOCUMENTS\VISUAL STUDIO 2010\PROJECTS\TH_CRAWL\TH_CRAWL\DEBUG\CONST.OBJ
C:\USERS\KIM\DOCUMENTS\VISUAL STUDIO 2010\PROJECTS\TH_CRAWL\TH_CRAWL\DEBUG\CREATE_ITEM.OBJ
C:\USERS\KIM\DOCUMENTS\VISUAL STUDIO 2010\PROJECTS\TH_CRAWL\TH_CRAWL\DEBUG\CREATE_MON.OBJ
C:\USERS\KIM\DOCUMENTS\VISUAL STUDIO 2010\PROJECTS\TH_CRAWL\TH_CRAWL\DEBUG\D3DINIT.OBJ
C:\USERS\KIM\DOCUMENTS\VISUAL STUDIO 2010\PROJECTS\TH_CRAWL\TH_CRAWL\DEBUG\D3DUTILITY.OBJ
C:\USERS\KIM\DOCUMENTS\VISUAL STUDIO 2010\PROJECTS\TH_CRAWL\TH_CRAWL\DEBUG\DEBUF.OBJ
C:\USERS\KIM\DOCUMENTS\VISUAL STUDIO 2010\PROJECTS\TH_CRAWL\TH_CRAWL\DEBUG\DISPLAY.OBJ
C:\USERS\KIM\DOCUMENTS\VISUAL STUDIO 2010\PROJECTS\TH_CRAWL\TH_CRAWL\DEBUG\DUMP.OBJ
C:\USERS\KIM\DOCUMENTS\VISUAL STUDIO 2010\PROJECTS\TH_CRAWL\TH_CRAWL\DEBUG\ENVIRONMENT.OBJ
C:\USERS\KIM\DOCUMENTS\VISUAL STUDIO 2010\PROJECTS\TH_CRAWL\TH_CRAWL\DEBUG\EQUIP_ACTION.OBJ
C:\USERS\KIM\DOCUMENTS\VISUAL STUDIO 2010\PROJECTS\TH_CRAWL\TH_CRAWL\DEBUG\EVENT.OBJ
C:\USERS\KIM\DOCUMENTS\VISUAL STUDIO 2010\PROJECTS\TH_CRAWL\TH_CRAWL\DEBUG\FLOOR.OBJ
C:\USERS\KIM\DOCUMENTS\VISUAL STUDIO 2010\PROJECTS\TH_CRAWL\TH_CRAWL\DEBUG\FSM.OBJ
C:\USERS\KIM\DOCUMENTS\VISUAL STUDIO 2010\PROJECTS\TH_CRAWL\TH_CRAWL\DEBUG\GOD.OBJ
C:\USERS\KIM\DOCUMENTS\VISUAL STUDIO 2010\PROJECTS\TH_CRAWL\TH_CRAWL\DEBUG\GOD_GIFT.OBJ
C:\USERS\KIM\DOCUMENTS\VISUAL STUDIO 2010\PROJECTS\TH_CRAWL\TH_CRAWL\DEBUG\HELP.OBJ
C:\USERS\KIM\DOCUMENTS\VISUAL STUDIO 2010\PROJECTS\TH_CRAWL\TH_CRAWL\DEBUG\ITEM.OBJ
C:\USERS\KIM\DOCUMENTS\VISUAL STUDIO 2010\PROJECTS\TH_CRAWL\TH_CRAWL\DEBUG\ITEM_ACTION.OBJ
C:\USERS\KIM\DOCUMENTS\VISUAL STUDIO 2010\PROJECTS\TH_CRAWL\TH_CRAWL\DEBUG\ITEMINFOR.OBJ
C:\USERS\KIM\DOCUMENTS\VISUAL STUDIO 2010\PROJECTS\TH_CRAWL\TH_CRAWL\DEBUG\KEY.OBJ
C:\Users\kim\documents\visual studio 2010\Projects\th_crawl\th_crawl\Debug\link.10036.read.1.tlog
C:\Users\kim\documents\visual studio 2010\Projects\th_crawl\th_crawl\Debug\link.10036.write.1.tlog
C:\Users\kim\documents\visual studio 2010\Projects\th_crawl\th_crawl\Debug\link.10084.read.1.tlog
C:\Users\kim\documents\visual studio 2010\Projects\th_crawl\th_crawl\Debug\link.10084.write.1.tlog
C:\Users\kim\documents\visual studio 2010\Projects\th_crawl\th_crawl\Debug\link.10136.read.1.tlog
C:\Users\kim\documents\visual studio 2010\Projects\th_crawl\th_crawl\Debug\link.10136.write.1.tlog
C:\Users\kim\documents\visual studio 2010\Projects\th_crawl\th_crawl\Debug\link.10668.read.1.tlog
C:\Users\kim\documents\visual studio 2010\Projects\th_crawl\th_crawl\Debug\link.10668.write.1.tlog
C:\Users\kim\documents\visual studio 2010\Projects\th_crawl\th_crawl\Debug\link.10824.read.1.tlog
C:\Users\kim\documents\visual studio 2010\Projects\th_crawl\th_crawl\Debug\link.10824.write.1.tlog
C:\Users\kim\documents\visual studio 2010\Projects\th_crawl\th_crawl\Debug\link.10828.read.1.tlog
C:\Users\kim\documents\visual studio 2010\Projects\th_crawl\th_crawl\Debug\link.10828.write.1.tlog
C:\Users\kim\documents\visual studio 2010\Projects\th_crawl\th_crawl\Debug\link.11648.read.1.tlog
C:\Users\kim\documents\visual studio 2010\Projects\th_crawl\th_crawl\Debug\link.11648.write.1.tlog
C:\Users\kim\documents\visual studio 2010\Projects\th_crawl\th_crawl\Debug\link.11844.read.1.tlog
C:\Users\kim\documents\visual studio 2010\Projects\th_crawl\th_crawl\Debug\link.11844.write.1.tlog
C:\Users\kim\documents\visual studio 2010\Projects\th_crawl\th_crawl\Debug\link.12080.read.1.tlog
C:\Users\kim\documents\visual studio 2010\Projects\th_crawl\th_crawl\Debug\link.12080.write.1.tlog
C:\Users\kim\documents\visual studio 2010\Projects\th_crawl\th_crawl\Debug\link.12584.read.1.tlog
C:\Users\kim\documents\visual studio 2010\Projects\th_crawl\th_crawl\Debug\link.12584.write.1.tlog
C:\Users\kim\documents\visual studio 2010\Projects\th_crawl\th_crawl\Debug\link.12716.read.1.tlog
C:\Users\kim\documents\visual studio 2010\Projects\th_crawl\th_crawl\Debug\link.12716.write.1.tlog
C:\Users\kim\documents\visual studio 2010\Projects\th_crawl\th_crawl\Debug\link.12868.read.1.tlog
C:\Users\kim\documents\visual studio 2010\Projects\th_crawl\th_crawl\Debug\link.12868.write.1.tlog
C:\Users\kim\documents\visual studio 2010\Projects\th_crawl\th_crawl\Debug\link.12872.read.1.tlog
C:\Users\kim\documents\visual studio 2010\Projects\th_crawl\th_crawl\Debug\link.12872.write.1.tlog
C:\Users\kim\documents\visual studio 2010\Projects\th_crawl\th_crawl\Debug\link.12896.read.1.tlog
C:\Users\kim\documents\visual studio 2010\Projects\th_crawl\th_crawl\Debug\link.12896.write.1.tlog
C:\Users\kim\documents\visual studio 2010\Projects\th_crawl\th_crawl\Debug\link.13064.read.1.tlog
C:\Users\kim\documents\visual studio 2010\Projects\th_crawl\th_crawl\Debug\link.13064.write.1.tlog
C:\Users\kim\documents\visual studio 2010\Projects\th_crawl\th_crawl\Debug\link.13132.read.1.tlog
C:\Users\kim\documents\visual studio 2010\Projects\th_crawl\th_crawl\Debug\link.13132.write.1.tlog
C:\Users\kim\documents\visual studio 2010\Projects\th_crawl\th_crawl\Debug\link.14756.read.1.tlog
C:\Users\kim\documents\visual studio 2010\Projects\th_crawl\th_crawl\Debug\link.14756.write.1.tlog
C:\Users\kim\documents\visual studio 2010\Projects\th_crawl\th_crawl\Debug\link.1504.read.1.tlog
C:\Users\kim\documents\visual studio 2010\Projects\th_crawl\th_crawl\Debug\link.1504.write.1.tlog
C:\Users\kim\documents\visual studio 2010\Projects\th_crawl\th_crawl\Debug\link.15756.read.1.tlog
C:\Users\kim\documents\visual studio 2010\Projects\th_crawl\th_crawl\Debug\link.15756.write.1.tlog
C:\Users\kim\documents\visual studio 2010\Projects\th_crawl\th_crawl\Debug\link.17484.read.1.tlog
C:\Users\kim\documents\visual studio 2010\Projects\th_crawl\th_crawl\Debug\link.17484.write.1.tlog
C:\Users\kim\documents\visual studio 2010\Projects\th_crawl\th_crawl\Debug\link.18084.read.1.tlog
C:\Users\kim\documents\visual studio 2010\Projects\th_crawl\th_crawl\Debug\link.18084.write.1.tlog
C:\Users\kim\documents\visual studio 2010\Projects\th_crawl\th_crawl\Debug\link.3100.read.1.tlog
C:\Users\kim\documents\visual studio 2010\Projects\th_crawl\th_crawl\Debug\link.3100.write.1.tlog
C:\Users\kim\documents\visual studio 2010\Projects\th_crawl\th_crawl\Debug\link.4092.read.1.tlog
C:\Users\kim\documents\visual studio 2010\Projects\th_crawl\th_crawl\Debug\link.4092.write.1.tlog
C:\Users\kim\documents\visual studio 2010\Projects\th_crawl\th_crawl\Debug\link.4320.read.1.tlog
C:\Users\kim\documents\visual studio 2010\Projects\th_crawl\th_crawl\Debug\link.4320.write.1.tlog
C:\Users\kim\documents\visual studio 2010\Projects\th_crawl\th_crawl\Debug\link.4840.read.1.tlog
C:\Users\kim\documents\visual studio 2010\Projects\th_crawl\th_crawl\Debug\link.4840.write.1.tlog
C:\Users\kim\documents\visual studio 2010\Projects\th_crawl\th_crawl\Debug\link.5184.read.1.tlog
C:\Users\kim\documents\visual studio 2010\Projects\th_crawl\th_crawl\Debug\link.5184.write.1.tlog
C:\Users\kim\documents\visual studio 2010\Projects\th_crawl\th_crawl\Debug\link.5508.read.1.tlog
C:\Users\kim\documents\visual studio 2010\Projects\th_crawl\th_crawl\Debug\link.5508.write.1.tlog
C:\Users\kim\documents\visual studio 2010\Projects\th_crawl\th_crawl\Debug\link.5532.read.1.tlog
C:\Users\kim\documents\visual studio 2010\Projects\th_crawl\th_crawl\Debug\link.5532.write.1.tlog
C:\Users\kim\documents\visual studio 2010\Projects\th_crawl\th_crawl\Debug\link.5576.read.1.tlog
C:\Users\kim\documents\visual studio 2010\Projects\th_crawl\th_crawl\Debug\link.5576.write.1.tlog
C:\Users\kim\documents\visual studio 2010\Projects\th_crawl\th_crawl\Debug\link.6524.read.1.tlog
C:\Users\kim\documents\visual studio 2010\Projects\th_crawl\th_crawl\Debug\link.6524.write.1.tlog
C:\Users\kim\documents\visual studio 2010\Projects\th_crawl\th_crawl\Debug\link.6596.read.1.tlog
C:\Users\kim\documents\visual studio 2010\Projects\th_crawl\th_crawl\Debug\link.6596.write.1.tlog
C:\Users\kim\documents\visual studio 2010\Projects\th_crawl\th_crawl\Debug\link.6888.read.1.tlog
C:\Users\kim\documents\visual studio 2010\Projects\th_crawl\th_crawl\Debug\link.6888.write.1.tlog
C:\Users\kim\documents\visual studio 2010\Projects\th_crawl\th_crawl\Debug\link.7092.read.1.tlog
C:\Users\kim\documents\visual studio 2010\Projects\th_crawl\th_crawl\Debug\link.7092.write.1.tlog
C:\Users\kim\documents\visual studio 2010\Projects\th_crawl\th_crawl\Debug\link.7776.read.1.tlog
C:\Users\kim\documents\visual studio 2010\Projects\th_crawl\th_crawl\Debug\link.7776.write.1.tlog
C:\Users\kim\documents\visual studio 2010\Projects\th_crawl\th_crawl\Debug\link.8528.read.1.tlog
C:\Users\kim\documents\visual studio 2010\Projects\th_crawl\th_crawl\Debug\link.8528.write.1.tlog
C:\Users\kim\documents\visual studio 2010\Projects\th_crawl\th_crawl\Debug\link.8616.read.1.tlog
C:\Users\kim\documents\visual studio 2010\Projects\th_crawl\th_crawl\Debug\link.8616.write.1.tlog
C:\Users\kim\documents\visual studio 2010\Projects\th_crawl\th_crawl\Debug\link.8900.read.1.tlog
C:\Users\kim\documents\visual studio 2010\Projects\th_crawl\th_crawl\Debug\link.8900.write.1.tlog
C:\Users\kim\documents\visual studio 2010\Projects\th_crawl\th_crawl\Debug\link.9080.read.1.tlog
C:\Users\kim\documents\visual studio 2010\Projects\th_crawl\th_crawl\Debug\link.9080.write.1.tlog
C:\Users\kim\documents\visual studio 2010\Projects\th_crawl\th_crawl\Debug\link.9168.read.1.tlog
C:\Users\kim\documents\visual studio 2010\Projects\th_crawl\th_crawl\Debug\link.9168.write.1.tlog
C:\Users\kim\documents\visual studio 2010\Projects\th_crawl\th_crawl\Debug\link.9208.read.1.tlog
C:\Users\kim\documents\visual studio 2010\Projects\th_crawl\th_crawl\Debug\link.9208.write.1.tlog
C:\Users\kim\documents\visual studio 2010\Projects\th_crawl\th_crawl\Debug\link.9240.read.1.tlog
C:\Users\kim\documents\visual studio 2010\Projects\th_crawl\th_crawl\Debug\link.9240.write.1.tlog
C:\Users\kim\documents\visual studio 2010\Projects\th_crawl\th_crawl\Debug\link.9724.read.1.tlog
C:\Users\kim\documents\visual studio 2010\Projects\th_crawl\th_crawl\Debug\link.9724.write.1.tlog
C:\Users\kim\documents\visual studio 2010\Projects\th_crawl\th_crawl\Debug\link.9740.read.1.tlog
C:\Users\kim\documents\visual studio 2010\Projects\th_crawl\th_crawl\Debug\link.9740.write.1.tlog
C:\Users\kim\documents\visual studio 2010\Projects\th_crawl\th_crawl\Debug\link.command.1.tlog
C:\Users\kim\documents\visual studio 2010\Projects\th_crawl\th_crawl\Debug\link.read.1.tlog
C:\Users\kim\documents\visual studio 2010\Projects\th_crawl\th_crawl\Debug\link.write.1.tlog
C:\USERS\KIM\DOCUMENTS\VISUAL STUDIO 2010\PROJECTS\TH_CRAWL\TH_CRAWL\DEBUG\MAINLOOP.OBJ
C:\USERS\KIM\DOCUMENTS\VISUAL STUDIO 2010\PROJECTS\TH_CRAWL\TH_CRAWL\DEBUG\MAKE_ITEM.OBJ
C:\USERS\KIM\DOCUMENTS\VISUAL STUDIO 2010\PROJECTS\TH_CRAWL\TH_CRAWL\DEBUG\MAKECHAR.OBJ
C:\USERS\KIM\DOCUMENTS\VISUAL STUDIO 2010\PROJECTS\TH_CRAWL\TH_CRAWL\DEBUG\MAP.OBJ
C:\USERS\KIM\DOCUMENTS\VISUAL STUDIO 2010\PROJECTS\TH_CRAWL\TH_CRAWL\DEBUG\MAP_FILE.OBJ
C:\USERS\KIM\DOCUMENTS\VISUAL STUDIO 2010\PROJECTS\TH_CRAWL\TH_CRAWL\DEBUG\MAP_PATTERN.OBJ
C:\USERS\KIM\DOCUMENTS\VISUAL STUDIO 2010\PROJECTS\TH_CRAWL\TH_CRAWL\DEBUG\MONINFOR.OBJ
C:\USERS\KIM\DOCUMENTS\VISUAL STUDIO 2010\PROJECTS\TH_CRAWL\TH_CRAWL\DEBUG\MONSTER.OBJ
C:\Users\kim\documents\visual studio 2010\Projects\th_crawl\th_crawl\Debug\mt.command.1.tlog
C:\Users\kim\documents\visual studio 2010\Projects\th_crawl\th_crawl\Debug\mt.read.1.tlog
C:\Users\kim\documents\visual studio 2010\Projects\th_crawl\th_crawl\Debug\mt.write.1.tlog
C:\USERS\KIM\DOCUMENTS\VISUAL STUDIO 2010\PROJECTS\TH_CRAWL\TH_CRAWL\DEBUG\NOTE.OBJ
C:\USERS\KIM\DOCUMENTS\VISUAL STUDIO 2010\PROJECTS\TH_CRAWL\TH_CRAWL\DEBUG\PLAYER.OBJ
C:\USERS\KIM\DOCUMENTS\VISUAL STUDIO 2010\PROJECTS\TH_CRAWL\TH_CRAWL\DEBUG\PLAYER_DAMAGE.OBJ
C:\USERS\KIM\DOCUMENTS\VISUAL STUDIO 2010\PROJECTS\TH_CRAWL\TH_CRAWL\DEBUG\PLAYER_TURNEND.OBJ
C:\USERS\KIM\DOCUMENTS\VISUAL STUDIO 2010\PROJECTS\TH_CRAWL\TH_CRAWL\DEBUG\POS.OBJ
C:\USERS\KIM\DOCUMENTS\VISUAL STUDIO 2010\PROJECTS\TH_CRAWL\TH_CRAWL\DEBUG\POTION.OBJ
C:\USERS\KIM\DOCUMENTS\VISUAL STUDIO 2010\PROJECTS\TH_CRAWL\TH_CRAWL\DEBUG\PROJECTILE.OBJ
C:\USERS\KIM\DOCUMENTS\VISUAL STUDIO 2010\PROJECTS\TH_CRAWL\TH_CRAWL\DEBUG\RECT.OBJ
C:\USERS\KIM\DOCUMENTS\VISUAL STUDIO 2010\PROJECTS\TH_CRAWL\TH_CRAWL\DEBUG\RING.OBJ
C:\USERS\KIM\DOCUMENTS\VISUAL STUDIO 2010\PROJECTS\TH_CRAWL\TH_CRAWL\DEBUG\SAVE.OBJ
C:\USERS\KIM\DOCUMENTS\VISUAL STUDIO 2010\PROJECTS\TH_CRAWL\TH_CRAWL\DEBUG\SCROLL.OBJ
C:\USERS\KIM\DOCUMENTS\VISUAL STUDIO 2010\PROJECTS\TH_CRAWL\TH_CRAWL\DEBUG\SKILL.OBJ
C:\USERS\KIM\DOCUMENTS\VISUAL STUDIO 2010\PROJECTS\TH_CRAWL\TH_CRAWL\DEBUG\SKILL_USE.OBJ
C:\USERS\KIM\DOCUMENTS\VISUAL STUDIO 2010\PROJECTS\TH_CRAWL\TH_CRAWL\DEBUG\SKILL2.OBJ
C:\USERS\KIM\DOCUMENTS\VISUAL STUDIO 2010\PROJECTS\TH_CRAWL\TH_CRAWL\DEBUG\SMOKE.OBJ
C:\USERS\KIM\DOCUMENTS\VISUAL STUDIO 2010\PROJECTS\TH_CRAWL\TH_CRAWL\DEBUG\SPEAK.OBJ
C:\USERS\KIM\DOCUMENTS\VISUAL STUDIO 2010\PROJECTS\TH_CRAWL\TH_CRAWL\DEBUG\SPELL.OBJ
C:\USERS\KIM\DOCUMENTS\VISUAL STUDIO 2010\PROJECTS\TH_CRAWL\TH_CRAWL\DEBUG\SPELL_INFOR.OBJ
C:\USERS\KIM\DOCUMENTS\VISUAL STUDIO 2010\PROJECTS\TH_CRAWL\TH_CRAWL\DEBUG\SPELL_USE.OBJ
C:\USERS\KIM\DOCUMENTS\VISUAL STUDIO 2010\PROJECTS\TH_CRAWL\TH_CRAWL\DEBUG\SPELLCARD.OBJ
C:\USERS\KIM\DOCUMENTS\VISUAL STUDIO 2010\PROJECTS\TH_CRAWL\TH_CRAWL\DEBUG\SUMMON.OBJ
C:\USERS\KIM\DOCUMENTS\VISUAL STUDIO 2010\PROJECTS\TH_CRAWL\TH_CRAWL\DEBUG\TEMP.OBJ
C:\USERS\KIM\DOCUMENTS\VISUAL STUDIO 2010\PROJECTS\TH_CRAWL\TH_CRAWL\DEBUG\TEMPLE_PATTERN.OBJ
C:\USERS\KIM\DOCUMENTS\VISUAL STUDIO 2010\PROJECTS\TH_CRAWL\TH_CRAWL\DEBUG\TEXT_MANAGER.OBJ
C:\USERS\KIM\DOCUMENTS\VISUAL STUDIO 2010\PROJECTS\TH_CRAWL\TH_CRAWL\DEBUG\TEXTURE.OBJ
C:\USERS\KIM\DOCUMENTS\VISUAL STUDIO 2010\PROJECTS\TH_CRAWL\TH_CRAWL\DEBUG\TEXTUREUTILITY.OBJ
C:\USERS\KIM\DOCUMENTS\VISUAL STUDIO 2010\PROJECTS\TH_CRAWL\TH_CRAWL\DEBUG\TH_CRAWL.EXE.INTERMEDIATE.MANIFEST
C:\Users\kim\documents\visual studio 2010\Projects\th_crawl\th_crawl\Debug\th_crawl.vcxprojResolveAssemblyReference.cache
C:\Users\kim\documents\visual studio 2010\Projects\th_crawl\th_crawl\Debug\th_crawl.write.1.tlog
C:\USERS\KIM\DOCUMENTS\VISUAL STUDIO 2010\PROJECTS\TH_CRAWL\TH_CRAWL\DEBUG\THROW.OBJ
C:\USERS\KIM\DOCUMENTS\VISUAL STUDIO 2010\PROJECTS\TH_CRAWL\TH_CRAWL\DEBUG\TILE.OBJ
C:\Users\kim\documents\visual studio 2010\Projects\th_crawl\th_crawl\Debug\vc100.idb
C:\USERS\KIM\DOCUMENTS\VISUAL STUDIO 2010\PROJECTS\TH_CRAWL\TH_CRAWL\DEBUG\VC100.PDB
C:\USERS\KIM\DOCUMENTS\VISUAL STUDIO 2010\PROJECTS\TH_CRAWL\TH_CRAWL\DEBUG\WEAPON.OBJ
C:\USERS\KIM\DOCUMENTS\VISUAL STUDIO 2010\PROJECTS\TH_CRAWL\TH_CRAWL\DEBUG\WIZ.OBJ
