빌드 시작: 2015-10-23 오후 8:21:54
     1>2 노드의 "C:\Users\kim\Documents\Visual Studio 2010\Projects\th_crawl\th_crawl\th_crawl.vcxproj" 프로젝트(build 대상)입니다.
     1>InitializeBuildStatus:
         "Debug\th_crawl.unsuccessfulbuild"에 연결(touching)하고 있습니다.
       ClCompile:
         C:\Program Files (x86)\Microsoft Visual Studio 10.0\VC\bin\CL.exe /c /ZI /nologo /W3 /WX- /Od /Oy- /D WIN32 /D _DEBUG /D _WINDOWS /D _MBCS /Gm /EHsc /RTC1 /MDd /GS /fp:precise /Zc:wchar_t /Zc:forScope /Fo"Debug\\" /Fd"Debug\vc100.pdb" /Gd /TP /analyze- /errorReport:prompt spell_use.cpp
         spell_use.cpp
       ManifestResourceCompile:
         모든 출력이 최신 상태입니다.
       Link:
         C:\Program Files (x86)\Microsoft Visual Studio 10.0\VC\bin\link.exe /ERRORREPORT:PROMPT /OUT:"C:\Users\kim\Documents\Visual Studio 2010\Projects\th_crawl\Debug\th_crawl.exe" /INCREMENTAL /NOLOGO kernel32.lib user32.lib gdi32.lib winspool.lib comdlg32.lib advapi32.lib shell32.lib ole32.lib oleaut32.lib uuid.lib odbc32.lib odbccp32.lib /MANIFEST /ManifestFile:"Debug\th_crawl.exe.intermediate.manifest" /MANIFESTUAC:"level='asInvoker' uiAccess='false'" /DEBUG /PDB:"C:\Users\kim\Documents\Visual Studio 2010\Projects\th_crawl\Debug\th_crawl.pdb" /SUBSYSTEM:WINDOWS /TLBID:1 /DYNAMICBASE /NXCOMPAT /IMPLIB:"C:\Users\kim\Documents\Visual Studio 2010\Projects\th_crawl\Debug\th_crawl.lib" /MACHINE:X86 Debug\th_crawl.exe.embed.manifest.res
         Debug\action.obj
         Debug\alchemy.obj
         Debug\Astar.obj
         Debug\atifact.obj
         Debug\beam.obj
         Debug\book.obj
         Debug\common.obj
         Debug\const.obj
         Debug\create_item.obj
         Debug\create_mon.obj
         Debug\d3dinit.obj
         Debug\d3dUtility.obj
         Debug\debuf.obj
         Debug\display.obj
         Debug\dump.obj
         Debug\environment.obj
         Debug\equip_action.obj
         Debug\event.obj
         Debug\floor.obj
         Debug\FSM.obj
         Debug\god.obj
         Debug\god_gift.obj
         Debug\help.obj
         Debug\item.obj
         Debug\iteminfor.obj
         Debug\item_action.obj
         Debug\key.obj
         Debug\mainloop.obj
         Debug\makechar.obj
         Debug\make_item.obj
         Debug\map.obj
         Debug\map_file.obj
         Debug\map_pattern.obj
         Debug\moninfor.obj
         Debug\monster.obj
         Debug\note.obj
         Debug\player.obj
         Debug\player_damage.obj
         Debug\player_turnend.obj
         Debug\pos.obj
         Debug\potion.obj
         Debug\projectile.obj
         Debug\rect.obj
         Debug\ring.obj
         Debug\save.obj
         Debug\scroll.obj
         Debug\skill.obj
         Debug\Skill2.obj
         Debug\skill_use.obj
         Debug\smoke.obj
         Debug\speak.obj
         Debug\spell.obj
         Debug\spellcard.obj
         Debug\spell_infor.obj
         Debug\spell_use.obj
         Debug\summon.obj
         Debug\swako.obj
         Debug\temp.obj
         Debug\temple_pattern.obj
         Debug\tensi.obj
         Debug\texture.obj
         Debug\textureUtility.obj
         Debug\text_manager.obj
         Debug\throw.obj
         Debug\tile.obj
         Debug\tribe.obj
         Debug\weapon.obj
         Debug\wiz.obj
       Manifest:
         C:\Program Files (x86)\Microsoft SDKs\Windows\v7.0A\bin\mt.exe /nologo /verbose /out:"Debug\th_crawl.exe.embed.manifest" /manifest Debug\th_crawl.exe.intermediate.manifest
         모든 출력이 최신 상태입니다.
       LinkEmbedManifest:
         모든 출력이 최신 상태입니다.
         th_crawl.vcxproj -> C:\Users\kim\Documents\Visual Studio 2010\Projects\th_crawl\Debug\th_crawl.exe
       FinalizeBuildStatus:
         "Debug\th_crawl.unsuccessfulbuild" 파일을 삭제하고 있습니다.
         "Debug\th_crawl.lastbuildstate"에 연결(touching)하고 있습니다.
     1>"C:\Users\kim\Documents\Visual Studio 2010\Projects\th_crawl\th_crawl\th_crawl.vcxproj" 프로젝트를 빌드했습니다(build 대상).

빌드했습니다.

경과 시간: 00:00:07.00
